<?xml version="1.0" encoding="UTF-8"?>
<testsuite xmlns:xsi="http://www.w3.org/2001/XMLSchema-instance" xsi:noNamespaceSchemaLocation="https://maven.apache.org/surefire/maven-surefire-plugin/xsd/surefire-test-report-3.0.xsd" version="3.0" name="MakeOrderPostTest" time="0.576" tests="4" errors="0" skipped="0" failures="0">
  <properties>
[...]
</properties>
  <testcase name="orderColorTest[0]" classname="MakeOrderPostTest" time="0.16">
    <system-out><![CDATA[Request method:	POST
Request URI:	http://qa-scooter.praktikum-services.ru/api/v1/orders
Proxy:			<none>
Request params:	<none>
Query params:	<none>
Form params:	<none>
Path params:	<none>
Headers:		Accept=*/*
				Content-Type=application/json
Cookies:		<none>
Multiparts:		<none>
Body:
{
    "firstName": "имя",
    "lastName": "фамилия",
    "address": "адрес",
    "metroStation": "метро",
    "phone": "телефон",
    "rentTime": "1",
    "deliveryDate": "2020-06-06",
    "comment": "",
    "color": [
        "BLACK",
        "GREY"
    ]
}
HTTP/1.1 201 Created
Access-Control-Allow-Origin: *
Content-Length: 16
Content-Type: application/json; charset=utf-8
Date: Fri, 16 Feb 2024 23:07:16 GMT
ETag: W/"10-egG/rA1ltayAp6ET+Lxt7rX6hDs"
Set-Cookie: _yasc=f5HEWIhxv+I+Enzu+JEZ/iR34hcHt9R8t9BLVtJKWi3W4O+zkYR2tsqjLJw1R5VxPQ==; domain=.praktikum-services.ru; path=/; expires=Mon, 13 Feb 2034 23:07:16 GMT; secure
X-Powered-By: Express
X-Request-Id: 1708124836130080-15678184913785045842

{
    "track": 140614
}
{
    "track": 140614
}
Request method:	PUT
Request URI:	http://qa-scooter.praktikum-services.ru/api/v1/orders/cancel
Proxy:			<none>
Request params:	<none>
Query params:	<none>
Form params:	<none>
Path params:	<none>
Headers:		Accept=*/*
				Content-Type=application/json
Cookies:		<none>
Multiparts:		<none>
Body:
{
    "track": "140614"
}
HTTP/1.1 400 Bad Request
Access-Control-Allow-Origin: *
Content-Length: 82
Content-Type: application/json; charset=utf-8
Date: Fri, 16 Feb 2024 23:07:16 GMT
ETag: W/"52-NEb1sihdUImnV9vUyVCvOlniC48"
Set-Cookie: _yasc=e+1ioBfao8UgpMGtwNtpB6Ig7z5tSfvurFbYioBMs5d3JN6C4BTXvOVCdqz+6g9N; domain=.praktikum-services.ru; path=/; expires=Mon, 13 Feb 2034 23:07:16 GMT; secure
X-Powered-By: Express
X-Request-Id: 1708124836245290-4661085953079417814

{
    "code": 400,
    "message": "Недостаточно данных для поиска"
}
HTTP/1.1 400 Bad Request
Access-Control-Allow-Origin: *
Content-Length: 82
Content-Type: application/json; charset=utf-8
Date: Fri, 16 Feb 2024 23:07:16 GMT
ETag: W/"52-NEb1sihdUImnV9vUyVCvOlniC48"
Set-Cookie: _yasc=e+1ioBfao8UgpMGtwNtpB6Ig7z5tSfvurFbYioBMs5d3JN6C4BTXvOVCdqz+6g9N; domain=.praktikum-services.ru; path=/; expires=Mon, 13 Feb 2034 23:07:16 GMT; secure
X-Powered-By: Express
X-Request-Id: 1708124836245290-4661085953079417814

{
    "code": 400,
    "message": "Недостаточно данных для поиска"
}
]]></system-out>
  </testcase>
  <testcase name="orderColorTest[1]" classname="MakeOrderPostTest" time="0.106">
    <system-out><![CDATA[Request method:	POST
Request URI:	http://qa-scooter.praktikum-services.ru/api/v1/orders
Proxy:			<none>
Request params:	<none>
Query params:	<none>
Form params:	<none>
Path params:	<none>
Headers:		Accept=*/*
				Content-Type=application/json
Cookies:		<none>
Multiparts:		<none>
Body:
{
    "firstName": "имя",
    "lastName": "фамилия",
    "address": "адрес",
    "metroStation": "метро",
    "phone": "телефон",
    "rentTime": "1",
    "deliveryDate": "2020-06-06",
    "comment": "",
    "color": [
        "GREY"
    ]
}
HTTP/1.1 201 Created
Access-Control-Allow-Origin: *
Content-Length: 16
Content-Type: application/json; charset=utf-8
Date: Fri, 16 Feb 2024 23:07:16 GMT
ETag: W/"10-yOCnzs/ZzV6rN3+pnE4wxD2k/zA"
Set-Cookie: _yasc=HSrZHotIOFlKhv8mLzcvOJMyJwvWLZkjG1wTIWQku+N05Z36g2S2RHWVj9PDQMZg8g==; domain=.praktikum-services.ru; path=/; expires=Mon, 13 Feb 2034 23:07:16 GMT; secure
X-Powered-By: Express
X-Request-Id: 1708124836293343-15647858429562507417

{
    "track": 157273
}
{
    "track": 157273
}
Request method:	PUT
Request URI:	http://qa-scooter.praktikum-services.ru/api/v1/orders/cancel
Proxy:			<none>
Request params:	<none>
Query params:	<none>
Form params:	<none>
Path params:	<none>
Headers:		Accept=*/*
				Content-Type=application/json
Cookies:		<none>
Multiparts:		<none>
Body:
{
    "track": "157273"
}
HTTP/1.1 400 Bad Request
Access-Control-Allow-Origin: *
Content-Length: 82
Content-Type: application/json; charset=utf-8
Date: Fri, 16 Feb 2024 23:07:16 GMT
ETag: W/"52-NEb1sihdUImnV9vUyVCvOlniC48"
Set-Cookie: _yasc=wdE4Sr1ehSJpvR9SvKiASlVnjBQSI0j+A74TjN54b8RJecRiKO0IV/owfYe9NpGB; domain=.praktikum-services.ru; path=/; expires=Mon, 13 Feb 2034 23:07:16 GMT; secure
X-Powered-By: Express
X-Request-Id: 1708124836345178-9892265053972972440

{
    "code": 400,
    "message": "Недостаточно данных для поиска"
}
HTTP/1.1 400 Bad Request
Access-Control-Allow-Origin: *
Content-Length: 82
Content-Type: application/json; charset=utf-8
Date: Fri, 16 Feb 2024 23:07:16 GMT
ETag: W/"52-NEb1sihdUImnV9vUyVCvOlniC48"
Set-Cookie: _yasc=wdE4Sr1ehSJpvR9SvKiASlVnjBQSI0j+A74TjN54b8RJecRiKO0IV/owfYe9NpGB; domain=.praktikum-services.ru; path=/; expires=Mon, 13 Feb 2034 23:07:16 GMT; secure
X-Powered-By: Express
X-Request-Id: 1708124836345178-9892265053972972440

{
    "code": 400,
    "message": "Недостаточно данных для поиска"
}
]]></system-out>
  </testcase>
  <testcase name="orderColorTest[2]" classname="MakeOrderPostTest" time="0.119">
    <system-out><![CDATA[Request method:	POST
Request URI:	http://qa-scooter.praktikum-services.ru/api/v1/orders
Proxy:			<none>
Request params:	<none>
Query params:	<none>
Form params:	<none>
Path params:	<none>
Headers:		Accept=*/*
				Content-Type=application/json
Cookies:		<none>
Multiparts:		<none>
Body:
{
    "firstName": "имя",
    "lastName": "фамилия",
    "address": "адрес",
    "metroStation": "метро",
    "phone": "телефон",
    "rentTime": "1",
    "deliveryDate": "2020-06-06",
    "comment": "",
    "color": [
        "BLACK"
    ]
}
HTTP/1.1 201 Created
Access-Control-Allow-Origin: *
Content-Length: 16
Content-Type: application/json; charset=utf-8
Date: Fri, 16 Feb 2024 23:07:16 GMT
ETag: W/"10-Sd4YiaivGHms6cRC3BPWyBPRclM"
Set-Cookie: _yasc=kFWbYGMO4BKChol3DuiN9/VuTFWspq/gjFBFQzLNaAJ4hW/shwjbv34d8ei9i5uvSw==; domain=.praktikum-services.ru; path=/; expires=Mon, 13 Feb 2034 23:07:16 GMT; secure
X-Powered-By: Express
X-Request-Id: 1708124836408034-7808498291470503444

{
    "track": 832459
}
{
    "track": 832459
}
Request method:	PUT
Request URI:	http://qa-scooter.praktikum-services.ru/api/v1/orders/cancel
Proxy:			<none>
Request params:	<none>
Query params:	<none>
Form params:	<none>
Path params:	<none>
Headers:		Accept=*/*
				Content-Type=application/json
Cookies:		<none>
Multiparts:		<none>
Body:
{
    "track": "832459"
}
HTTP/1.1 400 Bad Request
Access-Control-Allow-Origin: *
Content-Length: 82
Content-Type: application/json; charset=utf-8
Date: Fri, 16 Feb 2024 23:07:16 GMT
ETag: W/"52-NEb1sihdUImnV9vUyVCvOlniC48"
Set-Cookie: _yasc=IYgY/WNZ+oTtdPcVpn8PI5nClC4xY0FKgjXmpqaFtu8w0h1pctwsaQ4IkIBqftm3; domain=.praktikum-services.ru; path=/; expires=Mon, 13 Feb 2034 23:07:16 GMT; secure
X-Powered-By: Express
X-Request-Id: 1708124836475262-1174495687601937404

{
    "code": 400,
    "message": "Недостаточно данных для поиска"
}
HTTP/1.1 400 Bad Request
Access-Control-Allow-Origin: *
Content-Length: 82
Content-Type: application/json; charset=utf-8
Date: Fri, 16 Feb 2024 23:07:16 GMT
ETag: W/"52-NEb1sihdUImnV9vUyVCvOlniC48"
Set-Cookie: _yasc=IYgY/WNZ+oTtdPcVpn8PI5nClC4xY0FKgjXmpqaFtu8w0h1pctwsaQ4IkIBqftm3; domain=.praktikum-services.ru; path=/; expires=Mon, 13 Feb 2034 23:07:16 GMT; secure
X-Powered-By: Express
X-Request-Id: 1708124836475262-1174495687601937404

{
    "code": 400,
    "message": "Недостаточно данных для поиска"
}
]]></system-out>
  </testcase>
  <testcase name="orderColorTest[3]" classname="MakeOrderPostTest" time="0.145">
    <system-out><![CDATA[Request method:	POST
Request URI:	http://qa-scooter.praktikum-services.ru/api/v1/orders
Proxy:			<none>
Request params:	<none>
Query params:	<none>
Form params:	<none>
Path params:	<none>
Headers:		Accept=*/*
				Content-Type=application/json
Cookies:		<none>
Multiparts:		<none>
Body:
{
    "firstName": "имя",
    "lastName": "фамилия",
    "address": "адрес",
    "metroStation": "метро",
    "phone": "телефон",
    "rentTime": "1",
    "deliveryDate": "2020-06-06",
    "comment": "",
    "color": [
        ""
    ]
}
HTTP/1.1 201 Created
Access-Control-Allow-Origin: *
Content-Length: 14
Content-Type: application/json; charset=utf-8
Date: Fri, 16 Feb 2024 23:07:16 GMT
ETag: W/"e-6IXg9FX0PGLBZn7mbB+T9PLO/ow"
Set-Cookie: _yasc=asyhf4zYf6Or7ONkulwdURc6GykZq5AeZnxszsQds8eU4kV0bm+wgXx9edOJgJuG0w==; domain=.praktikum-services.ru; path=/; expires=Mon, 13 Feb 2034 23:07:16 GMT; secure
X-Powered-By: Express
X-Request-Id: 1708124836519494-8652516006980029453

{
    "track": 5068
}
{
    "track": 5068
}
Request method:	PUT
Request URI:	http://qa-scooter.praktikum-services.ru/api/v1/orders/cancel
Proxy:			<none>
Request params:	<none>
Query params:	<none>
Form params:	<none>
Path params:	<none>
Headers:		Accept=*/*
				Content-Type=application/json
Cookies:		<none>
Multiparts:		<none>
Body:
{
    "track": "5068"
}
HTTP/1.1 400 Bad Request
Access-Control-Allow-Origin: *
Content-Length: 82
Content-Type: application/json; charset=utf-8
Date: Fri, 16 Feb 2024 23:07:16 GMT
ETag: W/"52-NEb1sihdUImnV9vUyVCvOlniC48"
Set-Cookie: _yasc=WiCp3Y0UiK+OTA6WBuIX9RarBbzeepF0/VVTNtI0P7bFud6mHgOsj05sLyUoKjk4; domain=.praktikum-services.ru; path=/; expires=Mon, 13 Feb 2034 23:07:16 GMT; secure
X-Powered-By: Express
X-Request-Id: 1708124836573983-7726321322824657778

{
    "code": 400,
    "message": "Недостаточно данных для поиска"
}
HTTP/1.1 400 Bad Request
Access-Control-Allow-Origin: *
Content-Length: 82
Content-Type: application/json; charset=utf-8
Date: Fri, 16 Feb 2024 23:07:16 GMT
ETag: W/"52-NEb1sihdUImnV9vUyVCvOlniC48"
Set-Cookie: _yasc=WiCp3Y0UiK+OTA6WBuIX9RarBbzeepF0/VVTNtI0P7bFud6mHgOsj05sLyUoKjk4; domain=.praktikum-services.ru; path=/; expires=Mon, 13 Feb 2034 23:07:16 GMT; secure
X-Powered-By: Express
X-Request-Id: 1708124836573983-7726321322824657778

{
    "code": 400,
    "message": "Недостаточно данных для поиска"
}
]]></system-out>
  </testcase>
</testsuite>