<?xml version="1.0" encoding="UTF-8"?>
<testsuite xmlns:xsi="http://www.w3.org/2001/XMLSchema-instance" xsi:noNamespaceSchemaLocation="https://maven.apache.org/surefire/maven-surefire-plugin/xsd/surefire-test-report-3.0.xsd" version="3.0" name="CreateCourrierPostTest" time="62.161" tests="10" errors="1" skipped="0" failures="2">
  <properties>
[...]
</properties>
  <testcase name="usualCourrierCreate" classname="CreateCourrierPostTest" time="0.185">
    <system-out><![CDATA[Request method:	POST
Request URI:	http://qa-scooter.praktikum-services.ru/api/v1/courier
Proxy:			<none>
Request params:	<none>
Query params:	<none>
Form params:	<none>
Path params:	<none>
Headers:		Accept=*/*
				Content-Type=application/json
Cookies:		<none>
Multiparts:		<none>
Body:
{
    "login": "dac9dYTgTTZ0j3F01Zrx5x9IUjXoQg",
    "password": "2HNCrYtauI43rCOfeLa3B9GjVHVlkx",
    "firstName": "asdaqweq"
}
HTTP/1.1 201 Created
Access-Control-Allow-Origin: *
Content-Length: 11
Content-Type: application/json; charset=utf-8
Date: Fri, 16 Feb 2024 23:06:13 GMT
ETag: W/"b-Ai2R8hgEarLmHKwesT1qcY913ys"
Set-Cookie: _yasc=EfrU1pLbHeT6F6SUNA3fma4GGPjEST2r4Ci1GLyHjr/iO/o94BvNjth++GnZX/Xi; domain=.praktikum-services.ru; path=/; expires=Mon, 13 Feb 2034 23:06:13 GMT; secure
X-Powered-By: Express
X-Request-Id: 1708124773234306-11777380594045933859

{
    "ok": true
}
Request method:	POST
Request URI:	http://qa-scooter.praktikum-services.ru/api/v1/courier/login
Proxy:			<none>
Request params:	<none>
Query params:	<none>
Form params:	<none>
Path params:	<none>
Headers:		Accept=*/*
				Content-Type=application/json
Cookies:		<none>
Multiparts:		<none>
Body:
{
    "login": "dac9dYTgTTZ0j3F01Zrx5x9IUjXoQg",
    "password": "2HNCrYtauI43rCOfeLa3B9GjVHVlkx"
}
HTTP/1.1 200 OK
Access-Control-Allow-Origin: *
Content-Length: 13
Content-Type: application/json; charset=utf-8
Date: Fri, 16 Feb 2024 23:06:13 GMT
ETag: W/"d-k2Mkyi6H5GuL3kKmSfc1H0gCeXs"
Set-Cookie: _yasc=85J6HNaxim0kwh59avk37l3NK3UkDyGhNDEs5K/M/Mkb0PiFwClGfTRqkJK+avI8Nw==; domain=.praktikum-services.ru; path=/; expires=Mon, 13 Feb 2034 23:06:13 GMT; secure
X-Powered-By: Express
X-Request-Id: 1708124773308241-12130763813219932314

{
    "id": 266685
}
{
    "id": 266685
}
Request method:	DELETE
Request URI:	http://qa-scooter.praktikum-services.ru/api/v1/courier/266685
Proxy:			<none>
Request params:	<none>
Query params:	<none>
Form params:	<none>
Path params:	<none>
Headers:		Accept=*/*
				Content-Type=application/json
Cookies:		<none>
Multiparts:		<none>
Body:			<none>
HTTP/1.1 200 OK
Access-Control-Allow-Origin: *
Content-Length: 11
Content-Type: application/json; charset=utf-8
Date: Fri, 16 Feb 2024 23:06:13 GMT
ETag: W/"b-Ai2R8hgEarLmHKwesT1qcY913ys"
Set-Cookie: _yasc=jy0CGc2TQJklwBE0IAs8fq8sUdySIAj7IzQ6Ya8zJa8f/c7WuogGi3aiBBbP/UoADQ==; domain=.praktikum-services.ru; path=/; expires=Mon, 13 Feb 2034 23:06:13 GMT; secure
X-Powered-By: Express
X-Request-Id: 1708124773405585-15085697537550070972

{
    "ok": true
}
]]></system-out>
  </testcase>
  <testcase name="tryCreateCourrierWithoutNameField" classname="CreateCourrierPostTest" time="0.172">
    <system-out><![CDATA[Request method:	POST
Request URI:	http://qa-scooter.praktikum-services.ru/api/v1/courier
Proxy:			<none>
Request params:	<none>
Query params:	<none>
Form params:	<none>
Path params:	<none>
Headers:		Accept=*/*
				Content-Type=application/json
Cookies:		<none>
Multiparts:		<none>
Body:
{
    "password": "z3wVjaJaXsKPPTXE41GsmiVmHsoT1G",
    "firstName": "bla-bla-bla"
}
HTTP/1.1 400 Bad Request
Access-Control-Allow-Origin: *
Content-Length: 114
Content-Type: application/json; charset=utf-8
Date: Fri, 16 Feb 2024 23:06:13 GMT
ETag: W/"72-AUDx41VLe1HSztSRMybiiyHwcKY"
Set-Cookie: _yasc=B56M9kmPI3ITG2aq94CbTCd3eXWkvCfGUwLqkVuzhFQ1nX7x5GLbqZPjDK8YlZBZjA==; domain=.praktikum-services.ru; path=/; expires=Mon, 13 Feb 2034 23:06:13 GMT; secure
X-Powered-By: Express
X-Request-Id: 1708124773459106-3213297439454168863

{
    "code": 400,
    "message": "Недостаточно данных для создания учетной записи"
}
HTTP/1.1 400 Bad Request
Access-Control-Allow-Origin: *
Content-Length: 114
Content-Type: application/json; charset=utf-8
Date: Fri, 16 Feb 2024 23:06:13 GMT
ETag: W/"72-AUDx41VLe1HSztSRMybiiyHwcKY"
Set-Cookie: _yasc=B56M9kmPI3ITG2aq94CbTCd3eXWkvCfGUwLqkVuzhFQ1nX7x5GLbqZPjDK8YlZBZjA==; domain=.praktikum-services.ru; path=/; expires=Mon, 13 Feb 2034 23:06:13 GMT; secure
X-Powered-By: Express
X-Request-Id: 1708124773459106-3213297439454168863

{
    "code": 400,
    "message": "Недостаточно данных для создания учетной записи"
}
Request method:	POST
Request URI:	http://qa-scooter.praktikum-services.ru/api/v1/courier/login
Proxy:			<none>
Request params:	<none>
Query params:	<none>
Form params:	<none>
Path params:	<none>
Headers:		Accept=*/*
				Content-Type=application/json
Cookies:		<none>
Multiparts:		<none>
Body:
{
    "password": "z3wVjaJaXsKPPTXE41GsmiVmHsoT1G"
}
HTTP/1.1 400 Bad Request
Access-Control-Allow-Origin: *
Content-Length: 80
Content-Type: application/json; charset=utf-8
Date: Fri, 16 Feb 2024 23:06:13 GMT
ETag: W/"50-LwGSJxcCDIE8JNxAo8HI82cPc8A"
Set-Cookie: _yasc=EUYm9g1t4EOX78+aYczjo4H/k8vKw6aAKKdmesTSyaOscsW6z3c/4mt77DvsWOMtNQ==; domain=.praktikum-services.ru; path=/; expires=Mon, 13 Feb 2034 23:06:13 GMT; secure
X-Powered-By: Express
X-Request-Id: 1708124773535091-10685753262107661507

{
    "code": 400,
    "message": "Недостаточно данных для входа"
}
HTTP/1.1 400 Bad Request
Access-Control-Allow-Origin: *
Content-Length: 80
Content-Type: application/json; charset=utf-8
Date: Fri, 16 Feb 2024 23:06:13 GMT
ETag: W/"50-LwGSJxcCDIE8JNxAo8HI82cPc8A"
Set-Cookie: _yasc=EUYm9g1t4EOX78+aYczjo4H/k8vKw6aAKKdmesTSyaOscsW6z3c/4mt77DvsWOMtNQ==; domain=.praktikum-services.ru; path=/; expires=Mon, 13 Feb 2034 23:06:13 GMT; secure
X-Powered-By: Express
X-Request-Id: 1708124773535091-10685753262107661507

{
    "code": 400,
    "message": "Недостаточно данных для входа"
}
{
    "code": 400,
    "message": "Недостаточно данных для входа"
}
Request method:	DELETE
Request URI:	http://qa-scooter.praktikum-services.ru/api/v1/courier/null
Proxy:			<none>
Request params:	<none>
Query params:	<none>
Form params:	<none>
Path params:	<none>
Headers:		Accept=*/*
				Content-Type=application/json
Cookies:		<none>
Multiparts:		<none>
Body:			<none>
HTTP/1.1 500 Internal Server Error
Access-Control-Allow-Origin: *
Content-Length: 72
Content-Type: application/json; charset=utf-8
Date: Fri, 16 Feb 2024 23:06:13 GMT
ETag: W/"48-76hGKQr04QkaloN76ZVge2UscW4"
Set-Cookie: _yasc=E+3QoMcn85RC9i0BOKImdOmGNFETdHYMpjh76iVMmeOpzP/ezVlTAnarKFB8KVvGvw==; domain=.praktikum-services.ru; path=/; expires=Mon, 13 Feb 2034 23:06:13 GMT; secure
X-Powered-By: Express
X-Request-Id: 1708124773580358-13819617351709641202

{
    "code": 500,
    "message": "invalid input syntax for type integer: \"null\""
}
HTTP/1.1 500 Internal Server Error
Access-Control-Allow-Origin: *
Content-Length: 72
Content-Type: application/json; charset=utf-8
Date: Fri, 16 Feb 2024 23:06:13 GMT
ETag: W/"48-76hGKQr04QkaloN76ZVge2UscW4"
Set-Cookie: _yasc=E+3QoMcn85RC9i0BOKImdOmGNFETdHYMpjh76iVMmeOpzP/ezVlTAnarKFB8KVvGvw==; domain=.praktikum-services.ru; path=/; expires=Mon, 13 Feb 2034 23:06:13 GMT; secure
X-Powered-By: Express
X-Request-Id: 1708124773580358-13819617351709641202

{
    "code": 500,
    "message": "invalid input syntax for type integer: \"null\""
}
]]></system-out>
  </testcase>
  <testcase name="createSameCourrier" classname="CreateCourrierPostTest" time="0.248">
    <system-out><![CDATA[Request method:	POST
Request URI:	http://qa-scooter.praktikum-services.ru/api/v1/courier
Proxy:			<none>
Request params:	<none>
Query params:	<none>
Form params:	<none>
Path params:	<none>
Headers:		Accept=*/*
				Content-Type=application/json
Cookies:		<none>
Multiparts:		<none>
Body:
{
    "login": "ninja",
    "password": "1234",
    "firstName": "saske"
}
HTTP/1.1 409 Conflict
Access-Control-Allow-Origin: *
Content-Length: 112
Content-Type: application/json; charset=utf-8
Date: Fri, 16 Feb 2024 23:06:13 GMT
ETag: W/"70-sLG1ZktNk+Ab3iaKUMwxkdL4FJo"
Set-Cookie: _yasc=mAni7ymOxFUFbuzw8OP+OujNGr7hIu1V2JisLXQ2JCbIK06ds70E18rM2WjeqU4C1w==; domain=.praktikum-services.ru; path=/; expires=Mon, 13 Feb 2034 23:06:13 GMT; secure
X-Powered-By: Express
X-Request-Id: 1708124773651290-2433866421967695089

{
    "code": 409,
    "message": "Этот логин уже используется. Попробуйте другой."
}
HTTP/1.1 409 Conflict
Access-Control-Allow-Origin: *
Content-Length: 112
Content-Type: application/json; charset=utf-8
Date: Fri, 16 Feb 2024 23:06:13 GMT
ETag: W/"70-sLG1ZktNk+Ab3iaKUMwxkdL4FJo"
Set-Cookie: _yasc=mAni7ymOxFUFbuzw8OP+OujNGr7hIu1V2JisLXQ2JCbIK06ds70E18rM2WjeqU4C1w==; domain=.praktikum-services.ru; path=/; expires=Mon, 13 Feb 2034 23:06:13 GMT; secure
X-Powered-By: Express
X-Request-Id: 1708124773651290-2433866421967695089

{
    "code": 409,
    "message": "Этот логин уже используется. Попробуйте другой."
}
Request method:	POST
Request URI:	http://qa-scooter.praktikum-services.ru/api/v1/courier/login
Proxy:			<none>
Request params:	<none>
Query params:	<none>
Form params:	<none>
Path params:	<none>
Headers:		Accept=*/*
				Content-Type=application/json
Cookies:		<none>
Multiparts:		<none>
Body:
{
    "login": "ninja",
    "password": "1234"
}
HTTP/1.1 404 Not Found
Access-Control-Allow-Origin: *
Content-Length: 72
Content-Type: application/json; charset=utf-8
Date: Fri, 16 Feb 2024 23:06:13 GMT
ETag: W/"48-SNOWaDub1LGYtleYI6ITphu8xIQ"
Set-Cookie: _yasc=+q2b8ri7QNZjGm9ABlHf4/7iAvWFKLFOr66WE8W5IXRgFqX7PN5tjMo9gPzVhe/oOg==; domain=.praktikum-services.ru; path=/; expires=Mon, 13 Feb 2034 23:06:13 GMT; secure
X-Powered-By: Express
X-Request-Id: 1708124773762983-10824382221601805583

{
    "code": 404,
    "message": "Учетная запись не найдена"
}
HTTP/1.1 404 Not Found
Access-Control-Allow-Origin: *
Content-Length: 72
Content-Type: application/json; charset=utf-8
Date: Fri, 16 Feb 2024 23:06:13 GMT
ETag: W/"48-SNOWaDub1LGYtleYI6ITphu8xIQ"
Set-Cookie: _yasc=+q2b8ri7QNZjGm9ABlHf4/7iAvWFKLFOr66WE8W5IXRgFqX7PN5tjMo9gPzVhe/oOg==; domain=.praktikum-services.ru; path=/; expires=Mon, 13 Feb 2034 23:06:13 GMT; secure
X-Powered-By: Express
X-Request-Id: 1708124773762983-10824382221601805583

{
    "code": 404,
    "message": "Учетная запись не найдена"
}
{
    "code": 404,
    "message": "Учетная запись не найдена"
}
Request method:	DELETE
Request URI:	http://qa-scooter.praktikum-services.ru/api/v1/courier/null
Proxy:			<none>
Request params:	<none>
Query params:	<none>
Form params:	<none>
Path params:	<none>
Headers:		Accept=*/*
				Content-Type=application/json
Cookies:		<none>
Multiparts:		<none>
Body:			<none>
HTTP/1.1 500 Internal Server Error
Access-Control-Allow-Origin: *
Content-Length: 72
Content-Type: application/json; charset=utf-8
Date: Fri, 16 Feb 2024 23:06:13 GMT
ETag: W/"48-76hGKQr04QkaloN76ZVge2UscW4"
Set-Cookie: _yasc=Poa7igbHOE+d7vins+dK5Sv/V3chReRhJSxy0l5s9t+nTDtrr00LRY9VTFjacQQa; domain=.praktikum-services.ru; path=/; expires=Mon, 13 Feb 2034 23:06:13 GMT; secure
X-Powered-By: Express
X-Request-Id: 1708124773833226-17316849435646867855

{
    "code": 500,
    "message": "invalid input syntax for type integer: \"null\""
}
HTTP/1.1 500 Internal Server Error
Access-Control-Allow-Origin: *
Content-Length: 72
Content-Type: application/json; charset=utf-8
Date: Fri, 16 Feb 2024 23:06:13 GMT
ETag: W/"48-76hGKQr04QkaloN76ZVge2UscW4"
Set-Cookie: _yasc=Poa7igbHOE+d7vins+dK5Sv/V3chReRhJSxy0l5s9t+nTDtrr00LRY9VTFjacQQa; domain=.praktikum-services.ru; path=/; expires=Mon, 13 Feb 2034 23:06:13 GMT; secure
X-Powered-By: Express
X-Request-Id: 1708124773833226-17316849435646867855

{
    "code": 500,
    "message": "invalid input syntax for type integer: \"null\""
}
]]></system-out>
  </testcase>
  <testcase name="checkErrorResponseSameLogin" classname="CreateCourrierPostTest" time="0.241">
    <system-out><![CDATA[Request method:	POST
Request URI:	http://qa-scooter.praktikum-services.ru/api/v1/courier
Proxy:			<none>
Request params:	<none>
Query params:	<none>
Form params:	<none>
Path params:	<none>
Headers:		Accept=*/*
				Content-Type=application/json
Cookies:		<none>
Multiparts:		<none>
Body:
{
    "login": "nCIoHYxsZqn5Le87p9uctpi9Szbn6s",
    "password": "P7LKabm1iw88XKUzSXKIax0iy9b9Lr",
    "firstName": "asdaqweq"
}
HTTP/1.1 201 Created
Access-Control-Allow-Origin: *
Content-Length: 11
Content-Type: application/json; charset=utf-8
Date: Fri, 16 Feb 2024 23:06:13 GMT
ETag: W/"b-Ai2R8hgEarLmHKwesT1qcY913ys"
Set-Cookie: _yasc=sKMtOed8RwDpGpNZU0x2J8X31yJhglmKGyuPG9cXf2BxLDVbJ71K6eUfx6zQzPrcrw==; domain=.praktikum-services.ru; path=/; expires=Mon, 13 Feb 2034 23:06:13 GMT; secure
X-Powered-By: Express
X-Request-Id: 1708124773904461-4616181687318394939

{
    "ok": true
}
Request method:	POST
Request URI:	http://qa-scooter.praktikum-services.ru/api/v1/courier/login
Proxy:			<none>
Request params:	<none>
Query params:	<none>
Form params:	<none>
Path params:	<none>
Headers:		Accept=*/*
				Content-Type=application/json
Cookies:		<none>
Multiparts:		<none>
Body:
{
    "login": "nCIoHYxsZqn5Le87p9uctpi9Szbn6s",
    "password": "P7LKabm1iw88XKUzSXKIax0iy9b9Lr"
}
HTTP/1.1 200 OK
Access-Control-Allow-Origin: *
Content-Length: 13
Content-Type: application/json; charset=utf-8
Date: Fri, 16 Feb 2024 23:06:14 GMT
ETag: W/"d-NMH6SwvUnfxIo3qqX1ktv31dAv8"
Set-Cookie: _yasc=EGtpKvdDOvlrtLU59GI+DEunFqce7dCZIQ4bu6/laZ0zEi3Yxt+egsxyinwNbTNfQA==; domain=.praktikum-services.ru; path=/; expires=Mon, 13 Feb 2034 23:06:13 GMT; secure
X-Powered-By: Express
X-Request-Id: 1708124773980414-2433865068271453462

{
    "id": 266686
}
{
    "id": 266686
}
Request method:	DELETE
Request URI:	http://qa-scooter.praktikum-services.ru/api/v1/courier/266686
Proxy:			<none>
Request params:	<none>
Query params:	<none>
Form params:	<none>
Path params:	<none>
Headers:		Accept=*/*
				Content-Type=application/json
Cookies:		<none>
Multiparts:		<none>
Body:			<none>
HTTP/1.1 200 OK
Access-Control-Allow-Origin: *
Content-Length: 11
Content-Type: application/json; charset=utf-8
Date: Fri, 16 Feb 2024 23:06:14 GMT
ETag: W/"b-Ai2R8hgEarLmHKwesT1qcY913ys"
Set-Cookie: _yasc=TdPGLbrDZskL6s0VD5qQLdOkKkTDYsxukSW3nNChLOG6l6qsc6LK24FdTmw0ZnLY; domain=.praktikum-services.ru; path=/; expires=Mon, 13 Feb 2034 23:06:14 GMT; secure
X-Powered-By: Express
X-Request-Id: 1708124774069028-5664639940683700689

{
    "ok": true
}
]]></system-out>
  </testcase>
  <testcase name="tryCreateCourrierWithoutPasswordField" classname="CreateCourrierPostTest" time="60.195">
    <error message="java.lang.IllegalStateException: Expected BEGIN_OBJECT but was STRING at line 1 column 1 path $" type="com.google.gson.JsonSyntaxException"><![CDATA[com.google.gson.JsonSyntaxException: java.lang.IllegalStateException: Expected BEGIN_OBJECT but was STRING at line 1 column 1 path $
	at com.google.gson.internal.bind.ReflectiveTypeAdapterFactory$Adapter.read(ReflectiveTypeAdapterFactory.java:397)
	at com.google.gson.Gson.fromJson(Gson.java:1227)
	at com.google.gson.Gson.fromJson(Gson.java:1137)
	at com.google.gson.Gson.fromJson(Gson.java:1047)
	at com.google.gson.Gson.fromJson(Gson.java:982)
	at CreateCourrierPostTest.deleteCourrier(CreateCourrierPostTest.java:167)
	at java.base/jdk.internal.reflect.NativeMethodAccessorImpl.invoke0(Native Method)
	at java.base/jdk.internal.reflect.NativeMethodAccessorImpl.invoke(NativeMethodAccessorImpl.java:62)
	at java.base/jdk.internal.reflect.DelegatingMethodAccessorImpl.invoke(DelegatingMethodAccessorImpl.java:43)
	at java.base/java.lang.reflect.Method.invoke(Method.java:566)
	at org.junit.runners.model.FrameworkMethod$1.runReflectiveCall(FrameworkMethod.java:59)
	at org.junit.internal.runners.model.ReflectiveCallable.run(ReflectiveCallable.java:12)
	at org.junit.runners.model.FrameworkMethod.invokeExplosively(FrameworkMethod.java:56)
	at org.junit.internal.runners.statements.RunAfters.invokeMethod(RunAfters.java:46)
	at org.junit.internal.runners.statements.RunAfters.evaluate(RunAfters.java:33)
	at org.junit.runners.ParentRunner$3.evaluate(ParentRunner.java:306)
	at org.junit.runners.BlockJUnit4ClassRunner$1.evaluate(BlockJUnit4ClassRunner.java:100)
	at org.junit.runners.ParentRunner.runLeaf(ParentRunner.java:366)
	at org.junit.runners.BlockJUnit4ClassRunner.runChild(BlockJUnit4ClassRunner.java:103)
	at org.junit.runners.BlockJUnit4ClassRunner.runChild(BlockJUnit4ClassRunner.java:63)
	at org.junit.runners.ParentRunner$4.run(ParentRunner.java:331)
	at org.junit.runners.ParentRunner$1.schedule(ParentRunner.java:79)
	at org.junit.runners.ParentRunner.runChildren(ParentRunner.java:329)
	at org.junit.runners.ParentRunner.access$100(ParentRunner.java:66)
	at org.junit.runners.ParentRunner$2.evaluate(ParentRunner.java:293)
	at org.junit.runners.ParentRunner$3.evaluate(ParentRunner.java:306)
	at org.junit.runners.ParentRunner.run(ParentRunner.java:413)
	at org.apache.maven.surefire.junit4.JUnit4Provider.execute(JUnit4Provider.java:316)
	at org.apache.maven.surefire.junit4.JUnit4Provider.executeWithRerun(JUnit4Provider.java:240)
	at org.apache.maven.surefire.junit4.JUnit4Provider.executeTestSet(JUnit4Provider.java:214)
	at org.apache.maven.surefire.junit4.JUnit4Provider.invoke(JUnit4Provider.java:155)
	at org.apache.maven.surefire.booter.ForkedBooter.runSuitesInProcess(ForkedBooter.java:385)
	at org.apache.maven.surefire.booter.ForkedBooter.execute(ForkedBooter.java:162)
	at org.apache.maven.surefire.booter.ForkedBooter.run(ForkedBooter.java:507)
	at org.apache.maven.surefire.booter.ForkedBooter.main(ForkedBooter.java:495)
Caused by: java.lang.IllegalStateException: Expected BEGIN_OBJECT but was STRING at line 1 column 1 path $
	at com.google.gson.stream.JsonReader.beginObject(JsonReader.java:393)
	at com.google.gson.internal.bind.ReflectiveTypeAdapterFactory$Adapter.read(ReflectiveTypeAdapterFactory.java:386)
	... 34 more
]]></error>
    <system-out><![CDATA[Request method:	POST
Request URI:	http://qa-scooter.praktikum-services.ru/api/v1/courier
Proxy:			<none>
Request params:	<none>
Query params:	<none>
Form params:	<none>
Path params:	<none>
Headers:		Accept=*/*
				Content-Type=application/json
Cookies:		<none>
Multiparts:		<none>
Body:
{
    "login": "C0YmwIC648SltWWtVztt40dklQ6tKG",
    "firstName": "bla-bla-bla"
}
HTTP/1.1 400 Bad Request
Access-Control-Allow-Origin: *
Content-Length: 114
Content-Type: application/json; charset=utf-8
Date: Fri, 16 Feb 2024 23:06:14 GMT
ETag: W/"72-AUDx41VLe1HSztSRMybiiyHwcKY"
Set-Cookie: _yasc=Vv2rQ8BJ1ozutRT3+wJuidb4L7zn30K5XWAwTcFdrC6OdReCMps4RGbpNsq9suxc; domain=.praktikum-services.ru; path=/; expires=Mon, 13 Feb 2034 23:06:14 GMT; secure
X-Powered-By: Express
X-Request-Id: 1708124774149101-107576934955786525

{
    "code": 400,
    "message": "Недостаточно данных для создания учетной записи"
}
HTTP/1.1 400 Bad Request
Access-Control-Allow-Origin: *
Content-Length: 114
Content-Type: application/json; charset=utf-8
Date: Fri, 16 Feb 2024 23:06:14 GMT
ETag: W/"72-AUDx41VLe1HSztSRMybiiyHwcKY"
Set-Cookie: _yasc=Vv2rQ8BJ1ozutRT3+wJuidb4L7zn30K5XWAwTcFdrC6OdReCMps4RGbpNsq9suxc; domain=.praktikum-services.ru; path=/; expires=Mon, 13 Feb 2034 23:06:14 GMT; secure
X-Powered-By: Express
X-Request-Id: 1708124774149101-107576934955786525

{
    "code": 400,
    "message": "Недостаточно данных для создания учетной записи"
}
Request method:	POST
Request URI:	http://qa-scooter.praktikum-services.ru/api/v1/courier/login
Proxy:			<none>
Request params:	<none>
Query params:	<none>
Form params:	<none>
Path params:	<none>
Headers:		Accept=*/*
				Content-Type=application/json
Cookies:		<none>
Multiparts:		<none>
Body:
{
    "login": "C0YmwIC648SltWWtVztt40dklQ6tKG"
}
HTTP/1.1 504 Gateway time out
Content-Length: 19
Set-Cookie: _yasc=8ugMw23ObtV3BFMPfEbrPaL1Yej0v/onokCOhjP40TjqHzhGPJyZubilrKEOpCa9tA==; domain=.praktikum-services.ru; path=/; expires=Mon, 13 Feb 2034 23:06:14 GMT; secure
X-Request-Id: 1708124774237582-12500288119459096335

Service unavailable
Service unavailable
]]></system-out>
  </testcase>
  <testcase name="tryCreateCourrierWithoutFirstNameField" classname="CreateCourrierPostTest" time="0.26">
    <failure message="1 expectation failed.&#10;Expected status code &lt;400&gt; but was &lt;201&gt;.&#10;" type="java.lang.AssertionError"><![CDATA[java.lang.AssertionError: 
1 expectation failed.
Expected status code <400> but was <201>.

	at java.base/jdk.internal.reflect.NativeConstructorAccessorImpl.newInstance0(Native Method)
	at java.base/jdk.internal.reflect.NativeConstructorAccessorImpl.newInstance(NativeConstructorAccessorImpl.java:62)
	at java.base/jdk.internal.reflect.DelegatingConstructorAccessorImpl.newInstance(DelegatingConstructorAccessorImpl.java:45)
	at java.base/java.lang.reflect.Constructor.newInstance(Constructor.java:490)
	at org.codehaus.groovy.reflection.CachedConstructor.invoke(CachedConstructor.java:73)
	at org.codehaus.groovy.reflection.CachedConstructor.doConstructorInvoke(CachedConstructor.java:60)
	at org.codehaus.groovy.runtime.callsite.ConstructorSite$ConstructorSiteNoUnwrap.callConstructor(ConstructorSite.java:86)
	at org.codehaus.groovy.runtime.callsite.AbstractCallSite.callConstructor(AbstractCallSite.java:277)
	at io.restassured.internal.ResponseSpecificationImpl$HamcrestAssertionClosure.validate(ResponseSpecificationImpl.groovy:512)
	at io.restassured.internal.ResponseSpecificationImpl$HamcrestAssertionClosure$validate$1.call(Unknown Source)
	at io.restassured.internal.ResponseSpecificationImpl.validateResponseIfRequired(ResponseSpecificationImpl.groovy:696)
	at io.restassured.internal.ResponseSpecificationImpl.this$2$validateResponseIfRequired(ResponseSpecificationImpl.groovy)
	at java.base/jdk.internal.reflect.NativeMethodAccessorImpl.invoke0(Native Method)
	at java.base/jdk.internal.reflect.NativeMethodAccessorImpl.invoke(NativeMethodAccessorImpl.java:62)
	at java.base/jdk.internal.reflect.DelegatingMethodAccessorImpl.invoke(DelegatingMethodAccessorImpl.java:43)
	at java.base/java.lang.reflect.Method.invoke(Method.java:566)
	at org.codehaus.groovy.runtime.callsite.PlainObjectMetaMethodSite.doInvoke(PlainObjectMetaMethodSite.java:43)
	at org.codehaus.groovy.runtime.callsite.PogoMetaMethodSite$PogoCachedMethodSiteNoUnwrapNoCoerce.invoke(PogoMetaMethodSite.java:198)
	at org.codehaus.groovy.runtime.callsite.PogoMetaMethodSite.callCurrent(PogoMetaMethodSite.java:62)
	at org.codehaus.groovy.runtime.callsite.AbstractCallSite.callCurrent(AbstractCallSite.java:185)
	at io.restassured.internal.ResponseSpecificationImpl.statusCode(ResponseSpecificationImpl.groovy:135)
	at io.restassured.specification.ResponseSpecification$statusCode$0.callCurrent(Unknown Source)
	at io.restassured.internal.ResponseSpecificationImpl.statusCode(ResponseSpecificationImpl.groovy:143)
	at io.restassured.internal.ValidatableResponseOptionsImpl.statusCode(ValidatableResponseOptionsImpl.java:89)
	at CreateCourrierPostTest.tryCreateCourrierWithoutFirstNameField(CreateCourrierPostTest.java:152)
	at java.base/jdk.internal.reflect.NativeMethodAccessorImpl.invoke0(Native Method)
	at java.base/jdk.internal.reflect.NativeMethodAccessorImpl.invoke(NativeMethodAccessorImpl.java:62)
	at java.base/jdk.internal.reflect.DelegatingMethodAccessorImpl.invoke(DelegatingMethodAccessorImpl.java:43)
	at java.base/java.lang.reflect.Method.invoke(Method.java:566)
	at org.junit.runners.model.FrameworkMethod$1.runReflectiveCall(FrameworkMethod.java:59)
	at org.junit.internal.runners.model.ReflectiveCallable.run(ReflectiveCallable.java:12)
	at org.junit.runners.model.FrameworkMethod.invokeExplosively(FrameworkMethod.java:56)
	at org.junit.internal.runners.statements.InvokeMethod.evaluate(InvokeMethod.java:17)
	at org.junit.internal.runners.statements.RunAfters.evaluate(RunAfters.java:27)
	at org.junit.runners.ParentRunner$3.evaluate(ParentRunner.java:306)
	at org.junit.runners.BlockJUnit4ClassRunner$1.evaluate(BlockJUnit4ClassRunner.java:100)
	at org.junit.runners.ParentRunner.runLeaf(ParentRunner.java:366)
	at org.junit.runners.BlockJUnit4ClassRunner.runChild(BlockJUnit4ClassRunner.java:103)
	at org.junit.runners.BlockJUnit4ClassRunner.runChild(BlockJUnit4ClassRunner.java:63)
	at org.junit.runners.ParentRunner$4.run(ParentRunner.java:331)
	at org.junit.runners.ParentRunner$1.schedule(ParentRunner.java:79)
	at org.junit.runners.ParentRunner.runChildren(ParentRunner.java:329)
	at org.junit.runners.ParentRunner.access$100(ParentRunner.java:66)
	at org.junit.runners.ParentRunner$2.evaluate(ParentRunner.java:293)
	at org.junit.runners.ParentRunner$3.evaluate(ParentRunner.java:306)
	at org.junit.runners.ParentRunner.run(ParentRunner.java:413)
	at org.apache.maven.surefire.junit4.JUnit4Provider.execute(JUnit4Provider.java:316)
	at org.apache.maven.surefire.junit4.JUnit4Provider.executeWithRerun(JUnit4Provider.java:240)
	at org.apache.maven.surefire.junit4.JUnit4Provider.executeTestSet(JUnit4Provider.java:214)
	at org.apache.maven.surefire.junit4.JUnit4Provider.invoke(JUnit4Provider.java:155)
	at org.apache.maven.surefire.booter.ForkedBooter.runSuitesInProcess(ForkedBooter.java:385)
	at org.apache.maven.surefire.booter.ForkedBooter.execute(ForkedBooter.java:162)
	at org.apache.maven.surefire.booter.ForkedBooter.run(ForkedBooter.java:507)
	at org.apache.maven.surefire.booter.ForkedBooter.main(ForkedBooter.java:495)
]]></failure>
    <system-out><![CDATA[Request method:	POST
Request URI:	http://qa-scooter.praktikum-services.ru/api/v1/courier
Proxy:			<none>
Request params:	<none>
Query params:	<none>
Form params:	<none>
Path params:	<none>
Headers:		Accept=*/*
				Content-Type=application/json
Cookies:		<none>
Multiparts:		<none>
Body:
{
    "login": "nF3Ad7Va0CsBYiLVuqoCASPj4aEnyE",
    "password": "d95SBYHwHH3bfGczUe6oa8awO59gux"
}
HTTP/1.1 201 Created
Access-Control-Allow-Origin: *
Content-Length: 11
Content-Type: application/json; charset=utf-8
Date: Fri, 16 Feb 2024 23:07:14 GMT
ETag: W/"b-Ai2R8hgEarLmHKwesT1qcY913ys"
Set-Cookie: _yasc=TA3sWBphPhF2uvKCoDJwFceg8QMwD+lCUOkucezyyGHCDTxV0iS+WxjnIdujoEvt; domain=.praktikum-services.ru; path=/; expires=Mon, 13 Feb 2034 23:07:14 GMT; secure
X-Powered-By: Express
X-Request-Id: 1708124834355225-15942375704011279606

{
    "ok": true
}
Request method:	POST
Request URI:	http://qa-scooter.praktikum-services.ru/api/v1/courier/login
Proxy:			<none>
Request params:	<none>
Query params:	<none>
Form params:	<none>
Path params:	<none>
Headers:		Accept=*/*
				Content-Type=application/json
Cookies:		<none>
Multiparts:		<none>
Body:
{
    "login": "nF3Ad7Va0CsBYiLVuqoCASPj4aEnyE",
    "password": "d95SBYHwHH3bfGczUe6oa8awO59gux"
}
HTTP/1.1 200 OK
Access-Control-Allow-Origin: *
Content-Length: 13
Content-Type: application/json; charset=utf-8
Date: Fri, 16 Feb 2024 23:07:14 GMT
ETag: W/"d-mSJQxgW/W+ZVKYAmKQHn3TwWqQA"
Set-Cookie: _yasc=XouJaCYEdndoSgEzWsk6JkhAktEjqTRMUgIyAv6wzp0lLtVgHWs3NyKoJbXy8CbVig==; domain=.praktikum-services.ru; path=/; expires=Mon, 13 Feb 2034 23:07:14 GMT; secure
X-Powered-By: Express
X-Request-Id: 1708124834453518-14431075218446076930

{
    "id": 266687
}
{
    "id": 266687
}
Request method:	DELETE
Request URI:	http://qa-scooter.praktikum-services.ru/api/v1/courier/266687
Proxy:			<none>
Request params:	<none>
Query params:	<none>
Form params:	<none>
Path params:	<none>
Headers:		Accept=*/*
				Content-Type=application/json
Cookies:		<none>
Multiparts:		<none>
Body:			<none>
HTTP/1.1 200 OK
Access-Control-Allow-Origin: *
Content-Length: 11
Content-Type: application/json; charset=utf-8
Date: Fri, 16 Feb 2024 23:07:14 GMT
ETag: W/"b-Ai2R8hgEarLmHKwesT1qcY913ys"
Set-Cookie: _yasc=gr4wBx1I7zlJohqhlpVOyvjQf7wUg70+xdG/6q5w6y+qp9Y29JPwvPeE3CqkVC++; domain=.praktikum-services.ru; path=/; expires=Mon, 13 Feb 2034 23:07:14 GMT; secure
X-Powered-By: Express
X-Request-Id: 1708124834526690-10432451218196957061

{
    "ok": true
}
]]></system-out>
  </testcase>
  <testcase name="tryCreateCourrierWithoutName" classname="CreateCourrierPostTest" time="0.191">
    <system-out><![CDATA[Request method:	POST
Request URI:	http://qa-scooter.praktikum-services.ru/api/v1/courier
Proxy:			<none>
Request params:	<none>
Query params:	<none>
Form params:	<none>
Path params:	<none>
Headers:		Accept=*/*
				Content-Type=application/json
Cookies:		<none>
Multiparts:		<none>
Body:
{
    "login": "",
    "password": "1234",
    "firstName": "saske"
}
HTTP/1.1 400 Bad Request
Access-Control-Allow-Origin: *
Content-Length: 114
Content-Type: application/json; charset=utf-8
Date: Fri, 16 Feb 2024 23:07:14 GMT
ETag: W/"72-AUDx41VLe1HSztSRMybiiyHwcKY"
Set-Cookie: _yasc=Ayjj/AdEDXPGljh7/wXpcswdbvUXyaDch0FhgUhZomlSEJDTCGbRhjxaEHRlvGB2; domain=.praktikum-services.ru; path=/; expires=Mon, 13 Feb 2034 23:07:14 GMT; secure
X-Powered-By: Express
X-Request-Id: 1708124834588792-4947170624896338842

{
    "code": 400,
    "message": "Недостаточно данных для создания учетной записи"
}
HTTP/1.1 400 Bad Request
Access-Control-Allow-Origin: *
Content-Length: 114
Content-Type: application/json; charset=utf-8
Date: Fri, 16 Feb 2024 23:07:14 GMT
ETag: W/"72-AUDx41VLe1HSztSRMybiiyHwcKY"
Set-Cookie: _yasc=Ayjj/AdEDXPGljh7/wXpcswdbvUXyaDch0FhgUhZomlSEJDTCGbRhjxaEHRlvGB2; domain=.praktikum-services.ru; path=/; expires=Mon, 13 Feb 2034 23:07:14 GMT; secure
X-Powered-By: Express
X-Request-Id: 1708124834588792-4947170624896338842

{
    "code": 400,
    "message": "Недостаточно данных для создания учетной записи"
}
Request method:	POST
Request URI:	http://qa-scooter.praktikum-services.ru/api/v1/courier/login
Proxy:			<none>
Request params:	<none>
Query params:	<none>
Form params:	<none>
Path params:	<none>
Headers:		Accept=*/*
				Content-Type=application/json
Cookies:		<none>
Multiparts:		<none>
Body:
{
    "login": "",
    "password": "1234"
}
HTTP/1.1 400 Bad Request
Access-Control-Allow-Origin: *
Content-Length: 80
Content-Type: application/json; charset=utf-8
Date: Fri, 16 Feb 2024 23:07:14 GMT
ETag: W/"50-LwGSJxcCDIE8JNxAo8HI82cPc8A"
Set-Cookie: _yasc=7YWoIl6pkIhwTuQ75pfgjsWSV8oKdhnKhXHhOqvXOXN2LzK7SoubnuLIhupMj/FXMg==; domain=.praktikum-services.ru; path=/; expires=Mon, 13 Feb 2034 23:07:14 GMT; secure
X-Powered-By: Express
X-Request-Id: 1708124834637708-14022996092476724771

{
    "code": 400,
    "message": "Недостаточно данных для входа"
}
HTTP/1.1 400 Bad Request
Access-Control-Allow-Origin: *
Content-Length: 80
Content-Type: application/json; charset=utf-8
Date: Fri, 16 Feb 2024 23:07:14 GMT
ETag: W/"50-LwGSJxcCDIE8JNxAo8HI82cPc8A"
Set-Cookie: _yasc=7YWoIl6pkIhwTuQ75pfgjsWSV8oKdhnKhXHhOqvXOXN2LzK7SoubnuLIhupMj/FXMg==; domain=.praktikum-services.ru; path=/; expires=Mon, 13 Feb 2034 23:07:14 GMT; secure
X-Powered-By: Express
X-Request-Id: 1708124834637708-14022996092476724771

{
    "code": 400,
    "message": "Недостаточно данных для входа"
}
{
    "code": 400,
    "message": "Недостаточно данных для входа"
}
Request method:	DELETE
Request URI:	http://qa-scooter.praktikum-services.ru/api/v1/courier/null
Proxy:			<none>
Request params:	<none>
Query params:	<none>
Form params:	<none>
Path params:	<none>
Headers:		Accept=*/*
				Content-Type=application/json
Cookies:		<none>
Multiparts:		<none>
Body:			<none>
HTTP/1.1 500 Internal Server Error
Access-Control-Allow-Origin: *
Content-Length: 72
Content-Type: application/json; charset=utf-8
Date: Fri, 16 Feb 2024 23:07:14 GMT
ETag: W/"48-76hGKQr04QkaloN76ZVge2UscW4"
Set-Cookie: _yasc=0x9pYWoCVGDnqyr7hjUS7mVyVoxvSPYgHza4Ov1u+m7zKkgP59zM83+INe+fKGODlg==; domain=.praktikum-services.ru; path=/; expires=Mon, 13 Feb 2034 23:07:14 GMT; secure
X-Powered-By: Express
X-Request-Id: 1708124834727127-8295383980834563627

{
    "code": 500,
    "message": "invalid input syntax for type integer: \"null\""
}
HTTP/1.1 500 Internal Server Error
Access-Control-Allow-Origin: *
Content-Length: 72
Content-Type: application/json; charset=utf-8
Date: Fri, 16 Feb 2024 23:07:14 GMT
ETag: W/"48-76hGKQr04QkaloN76ZVge2UscW4"
Set-Cookie: _yasc=0x9pYWoCVGDnqyr7hjUS7mVyVoxvSPYgHza4Ov1u+m7zKkgP59zM83+INe+fKGODlg==; domain=.praktikum-services.ru; path=/; expires=Mon, 13 Feb 2034 23:07:14 GMT; secure
X-Powered-By: Express
X-Request-Id: 1708124834727127-8295383980834563627

{
    "code": 500,
    "message": "invalid input syntax for type integer: \"null\""
}
]]></system-out>
  </testcase>
  <testcase name="tryCreateCourrierWithoutPassword" classname="CreateCourrierPostTest" time="0.239">
    <system-out><![CDATA[Request method:	POST
Request URI:	http://qa-scooter.praktikum-services.ru/api/v1/courier
Proxy:			<none>
Request params:	<none>
Query params:	<none>
Form params:	<none>
Path params:	<none>
Headers:		Accept=*/*
				Content-Type=application/json
Cookies:		<none>
Multiparts:		<none>
Body:
{
    "login": "miuipmtun",
    "password": "",
    "firstName": "sasske"
}
HTTP/1.1 400 Bad Request
Access-Control-Allow-Origin: *
Content-Length: 114
Content-Type: application/json; charset=utf-8
Date: Fri, 16 Feb 2024 23:07:14 GMT
ETag: W/"72-AUDx41VLe1HSztSRMybiiyHwcKY"
Set-Cookie: _yasc=7oJbX63u4+I+C7pcHv2tAdCylEyDuLdKa4+jf0bv1LVt3u201op30/OZL0gGC9BEyw==; domain=.praktikum-services.ru; path=/; expires=Mon, 13 Feb 2034 23:07:14 GMT; secure
X-Powered-By: Express
X-Request-Id: 1708124834780883-16849636776137802901

{
    "code": 400,
    "message": "Недостаточно данных для создания учетной записи"
}
HTTP/1.1 400 Bad Request
Access-Control-Allow-Origin: *
Content-Length: 114
Content-Type: application/json; charset=utf-8
Date: Fri, 16 Feb 2024 23:07:14 GMT
ETag: W/"72-AUDx41VLe1HSztSRMybiiyHwcKY"
Set-Cookie: _yasc=7oJbX63u4+I+C7pcHv2tAdCylEyDuLdKa4+jf0bv1LVt3u201op30/OZL0gGC9BEyw==; domain=.praktikum-services.ru; path=/; expires=Mon, 13 Feb 2034 23:07:14 GMT; secure
X-Powered-By: Express
X-Request-Id: 1708124834780883-16849636776137802901

{
    "code": 400,
    "message": "Недостаточно данных для создания учетной записи"
}
Request method:	POST
Request URI:	http://qa-scooter.praktikum-services.ru/api/v1/courier/login
Proxy:			<none>
Request params:	<none>
Query params:	<none>
Form params:	<none>
Path params:	<none>
Headers:		Accept=*/*
				Content-Type=application/json
Cookies:		<none>
Multiparts:		<none>
Body:
{
    "login": "miuipmtun",
    "password": ""
}
HTTP/1.1 400 Bad Request
Access-Control-Allow-Origin: *
Content-Length: 80
Content-Type: application/json; charset=utf-8
Date: Fri, 16 Feb 2024 23:07:14 GMT
ETag: W/"50-LwGSJxcCDIE8JNxAo8HI82cPc8A"
Set-Cookie: _yasc=MMAKBKaAZNqabQnKLe2UNyPTDyo/iSKJVBVEmbtaCkB4GbsHFXQy1ULLf9W9qUaXVQ==; domain=.praktikum-services.ru; path=/; expires=Mon, 13 Feb 2034 23:07:14 GMT; secure
X-Powered-By: Express
X-Request-Id: 1708124834865490-7384243922525752624

{
    "code": 400,
    "message": "Недостаточно данных для входа"
}
HTTP/1.1 400 Bad Request
Access-Control-Allow-Origin: *
Content-Length: 80
Content-Type: application/json; charset=utf-8
Date: Fri, 16 Feb 2024 23:07:14 GMT
ETag: W/"50-LwGSJxcCDIE8JNxAo8HI82cPc8A"
Set-Cookie: _yasc=MMAKBKaAZNqabQnKLe2UNyPTDyo/iSKJVBVEmbtaCkB4GbsHFXQy1ULLf9W9qUaXVQ==; domain=.praktikum-services.ru; path=/; expires=Mon, 13 Feb 2034 23:07:14 GMT; secure
X-Powered-By: Express
X-Request-Id: 1708124834865490-7384243922525752624

{
    "code": 400,
    "message": "Недостаточно данных для входа"
}
{
    "code": 400,
    "message": "Недостаточно данных для входа"
}
Request method:	DELETE
Request URI:	http://qa-scooter.praktikum-services.ru/api/v1/courier/null
Proxy:			<none>
Request params:	<none>
Query params:	<none>
Form params:	<none>
Path params:	<none>
Headers:		Accept=*/*
				Content-Type=application/json
Cookies:		<none>
Multiparts:		<none>
Body:			<none>
HTTP/1.1 500 Internal Server Error
Access-Control-Allow-Origin: *
Content-Length: 72
Content-Type: application/json; charset=utf-8
Date: Fri, 16 Feb 2024 23:07:14 GMT
ETag: W/"48-76hGKQr04QkaloN76ZVge2UscW4"
Set-Cookie: _yasc=/W5wYGS7oh8LDRisuv0veQyhwJt8SpjXRME61bd6FpA8stqWa8PN25zUTUl6oC5w; domain=.praktikum-services.ru; path=/; expires=Mon, 13 Feb 2034 23:07:14 GMT; secure
X-Powered-By: Express
X-Request-Id: 1708124834927441-17037103318486902877

{
    "code": 500,
    "message": "invalid input syntax for type integer: \"null\""
}
HTTP/1.1 500 Internal Server Error
Access-Control-Allow-Origin: *
Content-Length: 72
Content-Type: application/json; charset=utf-8
Date: Fri, 16 Feb 2024 23:07:14 GMT
ETag: W/"48-76hGKQr04QkaloN76ZVge2UscW4"
Set-Cookie: _yasc=/W5wYGS7oh8LDRisuv0veQyhwJt8SpjXRME61bd6FpA8stqWa8PN25zUTUl6oC5w; domain=.praktikum-services.ru; path=/; expires=Mon, 13 Feb 2034 23:07:14 GMT; secure
X-Powered-By: Express
X-Request-Id: 1708124834927441-17037103318486902877

{
    "code": 500,
    "message": "invalid input syntax for type integer: \"null\""
}
]]></system-out>
  </testcase>
  <testcase name="tryCreateCourrierWithoutFirstname" classname="CreateCourrierPostTest" time="0.23">
    <failure message="1 expectation failed.&#10;Expected status code &lt;400&gt; but was &lt;201&gt;.&#10;" type="java.lang.AssertionError"><![CDATA[java.lang.AssertionError: 
1 expectation failed.
Expected status code <400> but was <201>.

	at java.base/jdk.internal.reflect.NativeConstructorAccessorImpl.newInstance0(Native Method)
	at java.base/jdk.internal.reflect.NativeConstructorAccessorImpl.newInstance(NativeConstructorAccessorImpl.java:62)
	at java.base/jdk.internal.reflect.DelegatingConstructorAccessorImpl.newInstance(DelegatingConstructorAccessorImpl.java:45)
	at java.base/java.lang.reflect.Constructor.newInstance(Constructor.java:490)
	at org.codehaus.groovy.reflection.CachedConstructor.invoke(CachedConstructor.java:73)
	at org.codehaus.groovy.reflection.CachedConstructor.doConstructorInvoke(CachedConstructor.java:60)
	at org.codehaus.groovy.runtime.callsite.ConstructorSite$ConstructorSiteNoUnwrap.callConstructor(ConstructorSite.java:86)
	at org.codehaus.groovy.runtime.callsite.AbstractCallSite.callConstructor(AbstractCallSite.java:277)
	at io.restassured.internal.ResponseSpecificationImpl$HamcrestAssertionClosure.validate(ResponseSpecificationImpl.groovy:512)
	at io.restassured.internal.ResponseSpecificationImpl$HamcrestAssertionClosure$validate$1.call(Unknown Source)
	at io.restassured.internal.ResponseSpecificationImpl.validateResponseIfRequired(ResponseSpecificationImpl.groovy:696)
	at io.restassured.internal.ResponseSpecificationImpl.this$2$validateResponseIfRequired(ResponseSpecificationImpl.groovy)
	at java.base/jdk.internal.reflect.NativeMethodAccessorImpl.invoke0(Native Method)
	at java.base/jdk.internal.reflect.NativeMethodAccessorImpl.invoke(NativeMethodAccessorImpl.java:62)
	at java.base/jdk.internal.reflect.DelegatingMethodAccessorImpl.invoke(DelegatingMethodAccessorImpl.java:43)
	at java.base/java.lang.reflect.Method.invoke(Method.java:566)
	at org.codehaus.groovy.runtime.callsite.PlainObjectMetaMethodSite.doInvoke(PlainObjectMetaMethodSite.java:43)
	at org.codehaus.groovy.runtime.callsite.PogoMetaMethodSite$PogoCachedMethodSiteNoUnwrapNoCoerce.invoke(PogoMetaMethodSite.java:198)
	at org.codehaus.groovy.runtime.callsite.PogoMetaMethodSite.callCurrent(PogoMetaMethodSite.java:62)
	at org.codehaus.groovy.runtime.callsite.AbstractCallSite.callCurrent(AbstractCallSite.java:185)
	at io.restassured.internal.ResponseSpecificationImpl.statusCode(ResponseSpecificationImpl.groovy:135)
	at io.restassured.specification.ResponseSpecification$statusCode$0.callCurrent(Unknown Source)
	at io.restassured.internal.ResponseSpecificationImpl.statusCode(ResponseSpecificationImpl.groovy:143)
	at io.restassured.internal.ValidatableResponseOptionsImpl.statusCode(ValidatableResponseOptionsImpl.java:89)
	at CreateCourrierPostTest.tryCreateCourrierWithoutFirstname(CreateCourrierPostTest.java:80)
	at java.base/jdk.internal.reflect.NativeMethodAccessorImpl.invoke0(Native Method)
	at java.base/jdk.internal.reflect.NativeMethodAccessorImpl.invoke(NativeMethodAccessorImpl.java:62)
	at java.base/jdk.internal.reflect.DelegatingMethodAccessorImpl.invoke(DelegatingMethodAccessorImpl.java:43)
	at java.base/java.lang.reflect.Method.invoke(Method.java:566)
	at org.junit.runners.model.FrameworkMethod$1.runReflectiveCall(FrameworkMethod.java:59)
	at org.junit.internal.runners.model.ReflectiveCallable.run(ReflectiveCallable.java:12)
	at org.junit.runners.model.FrameworkMethod.invokeExplosively(FrameworkMethod.java:56)
	at org.junit.internal.runners.statements.InvokeMethod.evaluate(InvokeMethod.java:17)
	at org.junit.internal.runners.statements.RunAfters.evaluate(RunAfters.java:27)
	at org.junit.runners.ParentRunner$3.evaluate(ParentRunner.java:306)
	at org.junit.runners.BlockJUnit4ClassRunner$1.evaluate(BlockJUnit4ClassRunner.java:100)
	at org.junit.runners.ParentRunner.runLeaf(ParentRunner.java:366)
	at org.junit.runners.BlockJUnit4ClassRunner.runChild(BlockJUnit4ClassRunner.java:103)
	at org.junit.runners.BlockJUnit4ClassRunner.runChild(BlockJUnit4ClassRunner.java:63)
	at org.junit.runners.ParentRunner$4.run(ParentRunner.java:331)
	at org.junit.runners.ParentRunner$1.schedule(ParentRunner.java:79)
	at org.junit.runners.ParentRunner.runChildren(ParentRunner.java:329)
	at org.junit.runners.ParentRunner.access$100(ParentRunner.java:66)
	at org.junit.runners.ParentRunner$2.evaluate(ParentRunner.java:293)
	at org.junit.runners.ParentRunner$3.evaluate(ParentRunner.java:306)
	at org.junit.runners.ParentRunner.run(ParentRunner.java:413)
	at org.apache.maven.surefire.junit4.JUnit4Provider.execute(JUnit4Provider.java:316)
	at org.apache.maven.surefire.junit4.JUnit4Provider.executeWithRerun(JUnit4Provider.java:240)
	at org.apache.maven.surefire.junit4.JUnit4Provider.executeTestSet(JUnit4Provider.java:214)
	at org.apache.maven.surefire.junit4.JUnit4Provider.invoke(JUnit4Provider.java:155)
	at org.apache.maven.surefire.booter.ForkedBooter.runSuitesInProcess(ForkedBooter.java:385)
	at org.apache.maven.surefire.booter.ForkedBooter.execute(ForkedBooter.java:162)
	at org.apache.maven.surefire.booter.ForkedBooter.run(ForkedBooter.java:507)
	at org.apache.maven.surefire.booter.ForkedBooter.main(ForkedBooter.java:495)
]]></failure>
    <system-out><![CDATA[Request method:	POST
Request URI:	http://qa-scooter.praktikum-services.ru/api/v1/courier
Proxy:			<none>
Request params:	<none>
Query params:	<none>
Form params:	<none>
Path params:	<none>
Headers:		Accept=*/*
				Content-Type=application/json
Cookies:		<none>
Multiparts:		<none>
Body:
{
    "login": "GlpFD4VIj8jmxfFE9FZgi6T55rbjCX",
    "password": "AoFnIfZuViYrdlLfChErnQ6J2koLbr",
    "firstName": ""
}
HTTP/1.1 201 Created
Access-Control-Allow-Origin: *
Content-Length: 11
Content-Type: application/json; charset=utf-8
Date: Fri, 16 Feb 2024 23:07:15 GMT
ETag: W/"b-Ai2R8hgEarLmHKwesT1qcY913ys"
Set-Cookie: _yasc=GXrwJkENeQsxLa/xZIdyDAPViHCk291HE6lpYIVmXd02NJiyjp0MRsUm1FZGLyovUg==; domain=.praktikum-services.ru; path=/; expires=Mon, 13 Feb 2034 23:07:15 GMT; secure
X-Powered-By: Express
X-Request-Id: 1708124835020353-4700366298546441513

{
    "ok": true
}
Request method:	POST
Request URI:	http://qa-scooter.praktikum-services.ru/api/v1/courier/login
Proxy:			<none>
Request params:	<none>
Query params:	<none>
Form params:	<none>
Path params:	<none>
Headers:		Accept=*/*
				Content-Type=application/json
Cookies:		<none>
Multiparts:		<none>
Body:
{
    "login": "GlpFD4VIj8jmxfFE9FZgi6T55rbjCX",
    "password": "AoFnIfZuViYrdlLfChErnQ6J2koLbr"
}
HTTP/1.1 200 OK
Access-Control-Allow-Origin: *
Content-Length: 13
Content-Type: application/json; charset=utf-8
Date: Fri, 16 Feb 2024 23:07:15 GMT
ETag: W/"d-+dvpDuJl+c7IMfVXz9rYh0+/uEE"
Set-Cookie: _yasc=mjmvO4WRyLZ3/D9kuyRKj/5dPKgzSSamwpWS1OeuAFy3ZAeFUrbAfq4hLqRDEpRUWg==; domain=.praktikum-services.ru; path=/; expires=Mon, 13 Feb 2034 23:07:15 GMT; secure
X-Powered-By: Express
X-Request-Id: 1708124835139322-18391266570184424433

{
    "id": 266688
}
{
    "id": 266688
}
Request method:	DELETE
Request URI:	http://qa-scooter.praktikum-services.ru/api/v1/courier/266688
Proxy:			<none>
Request params:	<none>
Query params:	<none>
Form params:	<none>
Path params:	<none>
Headers:		Accept=*/*
				Content-Type=application/json
Cookies:		<none>
Multiparts:		<none>
Body:			<none>
HTTP/1.1 200 OK
Access-Control-Allow-Origin: *
Content-Length: 11
Content-Type: application/json; charset=utf-8
Date: Fri, 16 Feb 2024 23:07:15 GMT
ETag: W/"b-Ai2R8hgEarLmHKwesT1qcY913ys"
Set-Cookie: _yasc=NlEXyuEST7r4kN44hIPFu/hDc3vlc8H/ck5rK9PUfScnTjg3zSvxbWclpVE9mIRBfw==; domain=.praktikum-services.ru; path=/; expires=Mon, 13 Feb 2034 23:07:15 GMT; secure
X-Powered-By: Express
X-Request-Id: 1708124835195201-16205759456932595620

{
    "ok": true
}
]]></system-out>
  </testcase>
  <testcase name="checkResponse" classname="CreateCourrierPostTest" time="0.188">
    <system-out><![CDATA[Request method:	POST
Request URI:	http://qa-scooter.praktikum-services.ru/api/v1/courier
Proxy:			<none>
Request params:	<none>
Query params:	<none>
Form params:	<none>
Path params:	<none>
Headers:		Accept=*/*
				Content-Type=application/json
Cookies:		<none>
Multiparts:		<none>
Body:
{
    "login": "6SlRKtllJdC4L8tALmvi9gWyXLnJl0",
    "password": "7vsn3AaHV0SUUC7nD4cCMvy4IGmLjL",
    "firstName": "asdaqweq"
}
HTTP/1.1 201 Created
Access-Control-Allow-Origin: *
Content-Length: 11
Content-Type: application/json; charset=utf-8
Date: Fri, 16 Feb 2024 23:07:15 GMT
ETag: W/"b-Ai2R8hgEarLmHKwesT1qcY913ys"
Set-Cookie: _yasc=E5bDUylDYBjmNBJ8U/PgLp2ct9re2FYIuS7pUhRE5ad7m/PmHryVBU4eGaNREPAy; domain=.praktikum-services.ru; path=/; expires=Mon, 13 Feb 2034 23:07:15 GMT; secure
X-Powered-By: Express
X-Request-Id: 1708124835249286-12565313706781749094

{
    "ok": true
}
Request method:	POST
Request URI:	http://qa-scooter.praktikum-services.ru/api/v1/courier/login
Proxy:			<none>
Request params:	<none>
Query params:	<none>
Form params:	<none>
Path params:	<none>
Headers:		Accept=*/*
				Content-Type=application/json
Cookies:		<none>
Multiparts:		<none>
Body:
{
    "login": "6SlRKtllJdC4L8tALmvi9gWyXLnJl0",
    "password": "7vsn3AaHV0SUUC7nD4cCMvy4IGmLjL"
}
HTTP/1.1 200 OK
Access-Control-Allow-Origin: *
Content-Length: 13
Content-Type: application/json; charset=utf-8
Date: Fri, 16 Feb 2024 23:07:15 GMT
ETag: W/"d-vAYPau80Uiz8MtHzDcAkhWlJouo"
Set-Cookie: _yasc=9JQSKlINZ72Tum7gdZKiaeBiDfNRqzUp6AmtIwvmHQd4kUmp58zQs+LPK40Ekcf4sw==; domain=.praktikum-services.ru; path=/; expires=Mon, 13 Feb 2034 23:07:15 GMT; secure
X-Powered-By: Express
X-Request-Id: 1708124835334433-10210668708715570049

{
    "id": 266689
}
{
    "id": 266689
}
Request method:	DELETE
Request URI:	http://qa-scooter.praktikum-services.ru/api/v1/courier/266689
Proxy:			<none>
Request params:	<none>
Query params:	<none>
Form params:	<none>
Path params:	<none>
Headers:		Accept=*/*
				Content-Type=application/json
Cookies:		<none>
Multiparts:		<none>
Body:			<none>
HTTP/1.1 200 OK
Access-Control-Allow-Origin: *
Content-Length: 11
Content-Type: application/json; charset=utf-8
Date: Fri, 16 Feb 2024 23:07:15 GMT
ETag: W/"b-Ai2R8hgEarLmHKwesT1qcY913ys"
Set-Cookie: _yasc=pYcIfy8j59EQ2dsAgAusCxmRh7541+dVT+hvXPnQNJdFC26qYTHB/fnVbRKR/KjDtQ==; domain=.praktikum-services.ru; path=/; expires=Mon, 13 Feb 2034 23:07:15 GMT; secure
X-Powered-By: Express
X-Request-Id: 1708124835380020-12189278976287673485

{
    "ok": true
}
]]></system-out>
  </testcase>
</testsuite>